2020-11-30 16:00:04 INFO  HomeController:22 - Constructor called
2020-11-30 16:00:04 INFO  HomeController:19 - Constructor called
2020-11-30 16:00:04 INFO  HomeController:15 - Constructor called
2020-11-30 16:00:04 INFO  HotelController:30 - Constructor called
2020-11-30 16:00:23 INFO  HomeController:22 - Constructor called
2020-11-30 16:00:23 INFO  HomeController:19 - Constructor called
2020-11-30 16:00:23 INFO  HomeController:15 - Constructor called
2020-11-30 16:00:23 INFO  HotelController:30 - Constructor called
2020-11-30 16:03:15 INFO  HomeController:22 - Constructor called
2020-11-30 16:03:15 INFO  HomeController:19 - Constructor called
2020-11-30 16:03:15 INFO  HomeController:15 - Constructor called
2020-11-30 16:03:15 INFO  HotelController:30 - Constructor called
2020-11-30 16:03:25 INFO  HomeController:22 - Constructor called
2020-11-30 16:03:25 INFO  HomeController:19 - Constructor called
2020-11-30 16:03:25 INFO  HomeController:15 - Constructor called
2020-11-30 16:03:25 INFO  HotelController:30 - Constructor called
2020-11-30 16:04:04 INFO  HomeController:22 - Constructor called
2020-11-30 16:04:04 INFO  HomeController:19 - Constructor called
2020-11-30 16:04:04 INFO  HomeController:15 - Constructor called
2020-11-30 16:04:04 INFO  HotelController:30 - Constructor called
2020-11-30 16:04:16 INFO  HomeController:35 - findBooking - called
2020-11-30 16:04:24 INFO  HomeController:44 - findBooking - called
2020-11-30 16:05:40 INFO  HomeController:22 - Constructor called
2020-11-30 16:05:40 INFO  HomeController:19 - Constructor called
2020-11-30 16:05:40 INFO  HomeController:15 - Constructor called
2020-11-30 16:05:40 INFO  HotelController:30 - Constructor called
2020-11-30 16:05:57 INFO  HomeController:29 - cancelBooking - called
2020-11-30 16:05:57 INFO  HomeController:35 - cancelBooking - called
2020-11-30 16:11:45 INFO  HomeController:22 - Constructor called
2020-11-30 16:11:45 INFO  HomeController:19 - Constructor called
2020-11-30 16:11:45 INFO  HomeController:15 - Constructor called
2020-11-30 16:11:45 INFO  HotelController:30 - Constructor called
2020-11-30 16:11:52 INFO  HomeController:29 - cancelBooking - called
2020-11-30 16:11:52 INFO  HomeController:35 - cancelBooking - called
2020-11-30 16:13:10 INFO  HomeController:22 - Constructor called
2020-11-30 16:13:10 INFO  HomeController:19 - Constructor called
2020-11-30 16:13:10 INFO  HomeController:15 - Constructor called
2020-11-30 16:13:10 INFO  HotelController:30 - Constructor called
2020-11-30 16:13:13 INFO  HomeController:29 - cancelBooking - called
2020-11-30 16:13:13 INFO  HomeController:35 - cancelBooking - called
2020-11-30 16:13:20 INFO  HomeController:35 - findBooking - called
2020-11-30 16:13:27 INFO  HomeController:44 - findBooking - called
2020-11-30 16:14:18 INFO  HomeController:22 - Constructor called
2020-11-30 16:14:18 INFO  HomeController:19 - Constructor called
2020-11-30 16:14:18 INFO  HomeController:15 - Constructor called
2020-11-30 16:14:18 INFO  HotelController:30 - Constructor called
2020-11-30 16:14:20 INFO  HomeController:35 - findBooking - called
2020-11-30 16:14:20 INFO  HomeController:44 - findBooking - called
2020-11-30 16:14:50 INFO  HomeController:22 - Constructor called
2020-11-30 16:14:50 INFO  HomeController:19 - Constructor called
2020-11-30 16:14:50 INFO  HomeController:15 - Constructor called
2020-11-30 16:14:50 INFO  HotelController:30 - Constructor called
2020-11-30 16:14:54 INFO  HomeController:35 - findBooking - called
2020-11-30 16:14:54 INFO  HomeController:44 - findBooking - called
2020-11-30 16:15:27 INFO  HomeController:22 - Constructor called
2020-11-30 16:15:27 INFO  HomeController:19 - Constructor called
2020-11-30 16:15:27 INFO  HomeController:15 - Constructor called
2020-11-30 16:15:27 INFO  HotelController:30 - Constructor called
2020-11-30 16:15:30 INFO  HomeController:35 - findBooking - called
2020-11-30 16:15:30 INFO  HomeController:44 - findBooking - called
2020-11-30 16:16:27 INFO  HomeController:22 - Constructor called
2020-11-30 16:16:27 INFO  HomeController:19 - Constructor called
2020-11-30 16:16:27 INFO  HomeController:15 - Constructor called
2020-11-30 16:16:27 INFO  HotelController:30 - Constructor called
2020-11-30 16:16:32 INFO  HomeController:35 - findBooking - called
2020-11-30 16:16:32 INFO  HomeController:44 - findBooking - called
2020-11-30 16:16:52 INFO  HomeController:22 - Constructor called
2020-11-30 16:16:52 INFO  HomeController:19 - Constructor called
2020-11-30 16:16:52 INFO  HomeController:15 - Constructor called
2020-11-30 16:16:52 INFO  HotelController:30 - Constructor called
2020-11-30 16:16:56 INFO  HomeController:35 - findBooking - called
2020-11-30 16:16:56 INFO  HomeController:44 - findBooking - called
2020-11-30 16:17:40 INFO  HomeController:22 - Constructor called
2020-11-30 16:17:40 INFO  HomeController:19 - Constructor called
2020-11-30 16:17:40 INFO  HomeController:15 - Constructor called
2020-11-30 16:17:40 INFO  HotelController:30 - Constructor called
2020-11-30 16:17:43 INFO  HomeController:35 - findBooking - called
2020-11-30 16:17:43 INFO  HomeController:44 - findBooking - called
2020-11-30 16:18:39 INFO  HomeController:22 - Constructor called
2020-11-30 16:18:39 INFO  HomeController:19 - Constructor called
2020-11-30 16:18:39 INFO  HomeController:15 - Constructor called
2020-11-30 16:18:39 INFO  HotelController:30 - Constructor called
2020-11-30 16:18:42 INFO  HomeController:35 - findBooking - called
2020-11-30 16:18:42 INFO  HomeController:44 - findBooking - called
2020-11-30 16:20:47 INFO  HomeController:22 - Constructor called
2020-11-30 16:20:47 INFO  HomeController:19 - Constructor called
2020-11-30 16:20:47 INFO  HomeController:15 - Constructor called
2020-11-30 16:20:47 INFO  HotelController:30 - Constructor called
2020-11-30 16:20:50 INFO  HomeController:35 - findBooking - called
2020-11-30 16:20:50 INFO  HomeController:44 - findBooking - called
2020-11-30 16:21:18 INFO  HomeController:22 - Constructor called
2020-11-30 16:21:18 INFO  HomeController:19 - Constructor called
2020-11-30 16:21:18 INFO  HomeController:15 - Constructor called
2020-11-30 16:21:18 INFO  HotelController:30 - Constructor called
2020-11-30 16:21:20 INFO  HomeController:35 - findBooking - called
2020-11-30 16:21:20 INFO  HomeController:44 - findBooking - called
2020-11-30 16:21:59 INFO  HomeController:22 - Constructor called
2020-11-30 16:21:59 INFO  HomeController:19 - Constructor called
2020-11-30 16:21:59 INFO  HomeController:15 - Constructor called
2020-11-30 16:21:59 INFO  HotelController:30 - Constructor called
2020-11-30 16:22:06 INFO  HomeController:35 - findBooking - called
2020-11-30 16:22:06 INFO  HomeController:44 - findBooking - called
2020-11-30 16:22:07 INFO  HomeController:46 - findBooking - response received with statuscode: 200 OK
2020-11-30 16:23:10 INFO  HomeController:22 - Constructor called
2020-11-30 16:23:10 INFO  HomeController:19 - Constructor called
2020-11-30 16:23:10 INFO  HomeController:15 - Constructor called
2020-11-30 16:23:10 INFO  HotelController:30 - Constructor called
2020-11-30 16:23:12 INFO  HomeController:35 - findBooking - called
2020-11-30 16:23:12 INFO  HomeController:44 - findBooking - called
2020-11-30 16:23:12 INFO  HomeController:46 - findBooking - response received with statuscode: 200 OK
2020-11-30 16:24:39 INFO  HomeController:35 - findBooking - called
2020-11-30 16:24:39 INFO  HomeController:44 - findBooking - called
2020-11-30 16:27:00 INFO  HomeController:35 - findBooking - called
2020-11-30 16:27:00 INFO  HomeController:44 - findBooking - called
2020-11-30 16:27:01 INFO  HomeController:46 - findBooking - response received with statuscode: 200 OK
2020-11-30 16:27:04 INFO  HomeController:35 - findBooking - called
2020-11-30 16:27:04 INFO  HomeController:44 - findBooking - called
2020-11-30 16:27:04 INFO  HomeController:46 - findBooking - response received with statuscode: 200 OK
2020-11-30 16:27:06 INFO  HomeController:35 - findBooking - called
2020-11-30 16:27:06 INFO  HomeController:44 - findBooking - called
2020-11-30 16:28:33 INFO  HomeController:35 - findBooking - called
2020-11-30 16:28:33 INFO  HomeController:44 - findBooking - called
2020-11-30 16:28:34 INFO  HomeController:46 - findBooking - response received with statuscode: 200 OK
2020-11-30 16:43:51 INFO  HomeController:22 - Constructor called
2020-11-30 16:43:51 INFO  HomeController:19 - Constructor called
2020-11-30 16:43:51 INFO  HomeController:15 - Constructor called
2020-11-30 16:43:51 INFO  HotelController:30 - Constructor called
2020-11-30 16:44:11 INFO  HomeController:22 - Constructor called
2020-11-30 16:44:11 INFO  HomeController:19 - Constructor called
2020-11-30 16:44:11 INFO  HomeController:15 - Constructor called
2020-11-30 16:44:11 INFO  HotelController:30 - Constructor called
2020-11-30 16:51:13 INFO  HomeController:22 - Constructor called
2020-11-30 16:51:13 INFO  HomeController:19 - Constructor called
2020-11-30 16:51:13 INFO  HomeController:15 - Constructor called
2020-11-30 16:51:13 INFO  HotelController:30 - Constructor called
2020-11-30 16:51:19 INFO  HomeController:24 - createBooking - called
2020-11-30 16:51:19 INFO  HomeController:27 - createBooking - called
2020-11-30 16:52:24 INFO  HomeController:22 - Constructor called
2020-11-30 16:52:24 INFO  HomeController:19 - Constructor called
2020-11-30 16:52:24 INFO  HomeController:15 - Constructor called
2020-11-30 16:52:24 INFO  HotelController:30 - Constructor called
2020-11-30 16:52:27 INFO  HomeController:24 - createBooking - called
2020-11-30 16:52:27 INFO  HomeController:27 - createBooking - called
2020-11-30 16:55:12 INFO  HomeController:24 - createBooking - called
2020-11-30 16:55:12 INFO  HomeController:27 - createBooking - called
2020-11-30 16:55:12 INFO  HomeController:29 - createBooking - response received with statuscode: 200 OK
2020-11-30 16:55:44 INFO  HomeController:24 - createBooking - called
2020-11-30 16:55:44 INFO  HomeController:27 - createBooking - called
2020-11-30 16:55:45 INFO  HomeController:29 - createBooking - response received with statuscode: 200 OK
2020-11-30 16:57:27 INFO  HomeController:24 - createBooking - called
2020-11-30 16:57:27 INFO  HomeController:27 - createBooking - called
2020-11-30 16:57:27 INFO  HomeController:29 - createBooking - response received with statuscode: 200 OK
2020-11-30 16:57:47 INFO  HomeController:35 - findBooking - called
2020-11-30 16:57:47 INFO  HomeController:44 - findBooking - called
2020-11-30 16:57:47 INFO  HomeController:46 - findBooking - response received with statuscode: 200 OK
2020-11-30 16:58:28 INFO  HomeController:24 - createBooking - called
2020-11-30 16:58:28 INFO  HomeController:27 - createBooking - called
2020-11-30 16:58:28 INFO  HomeController:29 - createBooking - response received with statuscode: 200 OK
2020-11-30 16:59:18 INFO  HomeController:29 - cancelBooking - called
2020-11-30 16:59:18 INFO  HomeController:35 - cancelBooking - called
2020-11-30 17:01:27 INFO  HomeController:22 - Constructor called
2020-11-30 17:01:27 INFO  HomeController:19 - Constructor called
2020-11-30 17:01:27 INFO  HomeController:15 - Constructor called
2020-11-30 17:01:27 INFO  HotelController:30 - Constructor called
2020-11-30 17:01:36 INFO  HomeController:29 - cancelBooking - called
2020-11-30 17:01:36 INFO  HomeController:35 - cancelBooking - called
2020-11-30 17:01:36 INFO  HomeController:44 - findBooking - called
2020-11-30 17:01:37 INFO  HomeController:46 - findBooking - response received with statuscode: 200 OK
2020-11-30 17:01:37 INFO  HomeController:38 - cancelBooking - result: dto.BookingDTO@67379844
2020-11-30 17:03:42 INFO  HomeController:35 - findBooking - called
2020-11-30 17:03:42 INFO  HomeController:44 - findBooking - called
2020-11-30 17:03:43 INFO  HomeController:46 - findBooking - response received with statuscode: 200 OK
2020-11-30 17:03:51 INFO  HomeController:35 - findBooking - called
2020-11-30 17:03:51 INFO  HomeController:44 - findBooking - called
2020-11-30 17:03:52 INFO  HomeController:46 - findBooking - response received with statuscode: 200 OK
2020-11-30 17:09:03 INFO  HomeController:24 - createBooking - called
2020-11-30 17:09:03 INFO  HomeController:27 - createBooking - called
2020-11-30 17:09:03 INFO  HomeController:29 - createBooking - response received with statuscode: 200 OK
2020-11-30 17:10:57 INFO  HomeController:24 - createBooking - called
2020-11-30 17:10:57 INFO  HomeController:27 - createBooking - called
2020-11-30 17:10:58 INFO  HomeController:29 - createBooking - response received with statuscode: 200 OK
2020-11-30 17:17:41 INFO  HomeController:22 - Constructor called
2020-11-30 17:17:41 INFO  HomeController:19 - Constructor called
2020-11-30 17:17:41 INFO  HomeController:15 - Constructor called
2020-11-30 17:17:41 INFO  HotelController:30 - Constructor called
2020-11-30 17:17:52 INFO  HomeController:35 - findBooking - called
2020-11-30 17:17:52 INFO  HomeController:44 - findBooking - called
2020-11-30 17:17:52 INFO  HomeController:46 - findBooking - response received with statuscode: 200 OK
2020-11-30 17:19:52 INFO  HomeController:22 - Constructor called
2020-11-30 17:19:52 INFO  HomeController:19 - Constructor called
2020-11-30 17:19:52 INFO  HomeController:15 - Constructor called
2020-11-30 17:19:52 INFO  HotelController:30 - Constructor called
2020-11-30 17:19:57 INFO  HomeController:24 - createBooking - called
2020-11-30 17:19:57 INFO  HomeController:27 - createBooking - called
2020-11-30 17:28:47 INFO  HomeController:22 - Constructor called
2020-11-30 17:28:47 INFO  HomeController:19 - Constructor called
2020-11-30 17:28:47 INFO  HomeController:15 - Constructor called
2020-11-30 17:28:47 INFO  HotelController:30 - Constructor called
2020-11-30 17:29:24 INFO  HomeController:24 - createBooking - called
2020-11-30 17:29:24 INFO  HomeController:27 - createBooking - called
2020-11-30 17:29:25 INFO  HomeController:29 - createBooking - response received with statuscode: 200 OK
2020-11-30 17:30:05 INFO  HomeController:24 - createBooking - called
2020-11-30 17:30:05 INFO  HomeController:27 - createBooking - called
2020-11-30 17:30:06 INFO  HomeController:29 - createBooking - response received with statuscode: 200 OK
2020-11-30 17:32:48 INFO  HomeController:24 - createBooking - called
2020-11-30 17:32:48 INFO  HomeController:27 - createBooking - called
2020-11-30 17:32:49 INFO  HomeController:29 - createBooking - response received with statuscode: 200 OK
2020-11-30 17:34:05 INFO  HomeController:24 - createBooking - called
2020-11-30 17:34:05 INFO  HomeController:27 - createBooking - called
2020-11-30 17:34:05 INFO  HomeController:29 - createBooking - response received with statuscode: 200 OK
2020-11-30 17:34:28 INFO  HomeController:24 - createBooking - called
2020-11-30 17:34:28 INFO  HomeController:27 - createBooking - called
2020-11-30 17:34:28 INFO  HomeController:29 - createBooking - response received with statuscode: 200 OK
2020-11-30 17:35:27 INFO  HomeController:24 - createBooking - called
2020-11-30 17:35:27 INFO  HomeController:27 - createBooking - called
2020-11-30 17:35:28 INFO  HomeController:29 - createBooking - response received with statuscode: 200 OK
2020-11-30 17:35:41 INFO  HomeController:24 - createBooking - called
2020-11-30 17:35:41 INFO  HomeController:27 - createBooking - called
2020-11-30 17:35:41 INFO  HomeController:29 - createBooking - response received with statuscode: 200 OK
2020-11-30 18:09:39 INFO  HomeController:22 - Constructor called
2020-11-30 18:09:39 INFO  HomeController:19 - Constructor called
2020-11-30 18:09:39 INFO  HomeController:15 - Constructor called
2020-11-30 18:09:39 INFO  HotelController:30 - Constructor called
2020-11-30 18:20:56 INFO  HomeController:22 - Constructor called
2020-11-30 18:20:56 INFO  BookingController:19 - Constructor called
2020-11-30 18:20:56 INFO  HomeController:15 - Constructor called
2020-11-30 18:20:56 INFO  HotelController:30 - Constructor called
2020-11-30 18:20:56 INFO  RoomController:26 - Constructor called
2020-11-30 18:22:08 INFO  HomeController:22 - Constructor called
2020-11-30 18:22:08 INFO  BookingController:19 - Constructor called
2020-11-30 18:22:08 INFO  HomeController:15 - Constructor called
2020-11-30 18:22:08 INFO  HotelController:30 - Constructor called
2020-11-30 18:22:08 INFO  RoomController:26 - Constructor called
2020-11-30 18:38:57 INFO  HomeController:22 - Constructor called
2020-11-30 18:38:57 INFO  BookingController:19 - Constructor called
2020-11-30 18:38:57 INFO  HomeController:15 - Constructor called
2020-11-30 18:38:57 INFO  HotelController:30 - Constructor called
2020-11-30 18:38:57 INFO  RoomController:26 - Constructor called
2020-11-30 18:39:04 INFO  HomeController:22 - index.html successfully loaded
2020-11-30 18:40:39 INFO  HomeController:22 - Constructor called
2020-11-30 18:40:39 INFO  BookingController:19 - Constructor called
2020-11-30 18:40:39 INFO  HomeController:15 - Constructor called
2020-11-30 18:40:39 INFO  HotelController:30 - Constructor called
2020-11-30 18:40:39 INFO  RoomController:26 - Constructor called
2020-11-30 18:44:37 INFO  HomeController:22 - Constructor called
2020-11-30 18:44:37 INFO  BookingController:19 - Constructor called
2020-11-30 18:44:37 INFO  HomeController:15 - Constructor called
2020-11-30 18:44:37 INFO  HotelController:30 - Constructor called
2020-11-30 18:44:37 INFO  RoomController:26 - Constructor called
2020-11-30 18:44:41 INFO  HomeController:22 - index.html successfully loaded
2020-11-30 18:45:34 INFO  HomeController:22 - Constructor called
2020-11-30 18:45:34 INFO  BookingController:19 - Constructor called
2020-11-30 18:45:34 INFO  HomeController:15 - Constructor called
2020-11-30 18:45:34 INFO  HotelController:30 - Constructor called
2020-11-30 18:45:34 INFO  RoomController:26 - Constructor called
2020-11-30 18:46:30 INFO  HomeController:22 - Constructor called
2020-11-30 18:46:30 INFO  BookingController:19 - Constructor called
2020-11-30 18:46:30 INFO  HomeController:15 - Constructor called
2020-11-30 18:46:30 INFO  HotelController:30 - Constructor called
2020-11-30 18:46:30 INFO  RoomController:26 - Constructor called
2020-11-30 18:49:47 INFO  HomeController:22 - Constructor called
2020-11-30 18:49:47 INFO  BookingController:19 - Constructor called
2020-11-30 18:49:47 INFO  HomeController:15 - Constructor called
2020-11-30 18:49:47 INFO  HotelController:30 - Constructor called
2020-11-30 18:49:47 INFO  RoomController:26 - Constructor called
2020-11-30 18:51:13 INFO  HomeController:22 - Constructor called
2020-11-30 18:51:13 INFO  BookingController:19 - Constructor called
2020-11-30 18:51:13 INFO  HomeController:15 - Constructor called
2020-11-30 18:51:13 INFO  HotelController:30 - Constructor called
2020-11-30 18:51:13 INFO  RoomController:26 - Constructor called
2020-11-30 18:57:21 INFO  HomeController:22 - Constructor called
2020-11-30 18:57:21 INFO  BookingController:19 - Constructor called
2020-11-30 18:57:21 INFO  HomeController:15 - Constructor called
2020-11-30 18:57:21 INFO  HotelController:30 - Constructor called
2020-11-30 18:57:21 INFO  RoomController:26 - Constructor called
2020-11-30 19:04:22 INFO  HomeController:22 - Constructor called
2020-11-30 19:04:23 INFO  BookingController:19 - Constructor called
2020-11-30 19:04:23 INFO  HomeController:15 - Constructor called
2020-11-30 19:04:23 INFO  HotelController:30 - Constructor called
2020-11-30 19:04:23 INFO  RoomController:26 - Constructor called
2020-11-30 19:05:37 INFO  HomeController:22 - Constructor called
2020-11-30 19:05:37 INFO  BookingController:19 - Constructor called
2020-11-30 19:05:37 INFO  HomeController:15 - Constructor called
2020-11-30 19:05:37 INFO  HotelController:30 - Constructor called
2020-11-30 19:05:37 INFO  RoomController:26 - Constructor called
2020-11-30 19:05:54 INFO  HomeController:22 - Constructor called
2020-11-30 19:05:54 INFO  BookingController:19 - Constructor called
2020-11-30 19:05:54 INFO  HomeController:15 - Constructor called
2020-11-30 19:05:54 INFO  HotelController:30 - Constructor called
2020-11-30 19:05:54 INFO  RoomController:26 - Constructor called
2020-11-30 19:06:43 INFO  HomeController:22 - Constructor called
2020-11-30 19:06:43 INFO  BookingController:19 - Constructor called
2020-11-30 19:06:43 INFO  HomeController:15 - Constructor called
2020-11-30 19:06:43 INFO  HotelController:30 - Constructor called
2020-11-30 19:06:43 INFO  RoomController:26 - Constructor called
2020-11-30 19:08:41 INFO  HomeController:22 - Constructor called
2020-11-30 19:08:41 INFO  BookingController:19 - Constructor called
2020-11-30 19:08:41 INFO  HomeController:15 - Constructor called
2020-11-30 19:08:41 INFO  HotelController:30 - Constructor called
2020-11-30 19:08:41 INFO  RoomController:26 - Constructor called
2020-11-30 19:08:52 INFO  HomeController:22 - Constructor called
2020-11-30 19:08:52 INFO  BookingController:19 - Constructor called
2020-11-30 19:08:52 INFO  HomeController:15 - Constructor called
2020-11-30 19:08:52 INFO  HotelController:30 - Constructor called
2020-11-30 19:08:52 INFO  RoomController:26 - Constructor called
2020-11-30 19:10:17 INFO  HomeController:22 - Constructor called
2020-11-30 19:10:17 INFO  BookingController:19 - Constructor called
2020-11-30 19:10:17 INFO  HomeController:15 - Constructor called
2020-11-30 19:10:17 INFO  HotelController:30 - Constructor called
2020-11-30 19:10:17 INFO  RoomController:26 - Constructor called
